{"uuid":"3a9437af-f1c8-4f61-ba26-17af651a4709","historyId":"9acc3e265f61007807c971d7fd433c33","fullName":"in.rajesh.day4.DemoGrid.gridExample","labels":[{"name":"package","value":"in.rajesh.day4.DemoGrid"},{"name":"testClass","value":"in.rajesh.day4.DemoGrid"},{"name":"testMethod","value":"gridExample"},{"name":"parentSuite","value":"Default suite"},{"name":"suite","value":"Default test"},{"name":"subSuite","value":"in.rajesh.day4.DemoGrid"},{"name":"host","value":"DESKTOP-UTV5KOM"},{"name":"thread","value":"15704@DESKTOP-UTV5KOM.main(1)"},{"name":"framework","value":"testng"},{"name":"language","value":"java"}],"links":[],"name":"gridExample","status":"broken","statusDetails":{"known":false,"muted":false,"flaky":false,"message":"session not created: This version of ChromeDriver only supports Chrome version 99\nCurrent browser version is 102.0.5005.115 with binary path C:\\Program Files\\Google\\Chrome\\Application\\chrome.exe\nBuild info: version: '3.141.59', revision: 'e82be7d358', time: '2018-11-14T08:25:53'\nSystem info: host: 'DESKTOP-UTV5KOM', ip: '192.168.0.108', os.name: 'Windows 11', os.arch: 'amd64', os.version: '10.0', java.version: '11.0.15.1'\nDriver info: driver.version: unknown\nremote stacktrace: Backtrace:\n\tOrdinal0 [0x00B49943+2595139]\n\tOrdinal0 [0x00ADC9F1+2148849]\n\tOrdinal0 [0x009D4528+1066280]\n\tOrdinal0 [0x009F42C3+1196739]\n\tOrdinal0 [0x009EFE37+1179191]\n\tOrdinal0 [0x009ED6F1+1169137]\n\tOrdinal0 [0x00A20530+1377584]\n\tOrdinal0 [0x00A2018A+1376650]\n\tOrdinal0 [0x00A1B806+1357830]\n\tOrdinal0 [0x009F6086+1204358]\n\tOrdinal0 [0x009F6F96+1208214]\n\tGetHandleVerifier [0x00CEB232+1658114]\n\tGetHandleVerifier [0x00DA312C+2411516]\n\tGetHandleVerifier [0x00BDF261+560433]\n\tGetHandleVerifier [0x00BDE366+556598]\n\tOrdinal0 [0x00AE286B+2173035]\n\tOrdinal0 [0x00AE75F8+2192888]\n\tOrdinal0 [0x00AE76E5+2193125]\n\tOrdinal0 [0x00AF11FC+2232828]\n\tBaseThreadInitThunk [0x764E6739+25]\n\tRtlGetFullPathName_UEx [0x77698FEF+1215]\n\tRtlGetFullPathName_UEx [0x77698FBD+1165]\n\nCommand duration or timeout: 1.71 seconds","trace":"org.openqa.selenium.SessionNotCreatedException: session not created: This version of ChromeDriver only supports Chrome version 99\nCurrent browser version is 102.0.5005.115 with binary path C:\\Program Files\\Google\\Chrome\\Application\\chrome.exe\nBuild info: version: '3.141.59', revision: 'e82be7d358', time: '2018-11-14T08:25:53'\nSystem info: host: 'DESKTOP-UTV5KOM', ip: '192.168.0.108', os.name: 'Windows 11', os.arch: 'amd64', os.version: '10.0', java.version: '11.0.15.1'\nDriver info: driver.version: unknown\nremote stacktrace: Backtrace:\n\tOrdinal0 [0x00B49943+2595139]\n\tOrdinal0 [0x00ADC9F1+2148849]\n\tOrdinal0 [0x009D4528+1066280]\n\tOrdinal0 [0x009F42C3+1196739]\n\tOrdinal0 [0x009EFE37+1179191]\n\tOrdinal0 [0x009ED6F1+1169137]\n\tOrdinal0 [0x00A20530+1377584]\n\tOrdinal0 [0x00A2018A+1376650]\n\tOrdinal0 [0x00A1B806+1357830]\n\tOrdinal0 [0x009F6086+1204358]\n\tOrdinal0 [0x009F6F96+1208214]\n\tGetHandleVerifier [0x00CEB232+1658114]\n\tGetHandleVerifier [0x00DA312C+2411516]\n\tGetHandleVerifier [0x00BDF261+560433]\n\tGetHandleVerifier [0x00BDE366+556598]\n\tOrdinal0 [0x00AE286B+2173035]\n\tOrdinal0 [0x00AE75F8+2192888]\n\tOrdinal0 [0x00AE76E5+2193125]\n\tOrdinal0 [0x00AF11FC+2232828]\n\tBaseThreadInitThunk [0x764E6739+25]\n\tRtlGetFullPathName_UEx [0x77698FEF+1215]\n\tRtlGetFullPathName_UEx [0x77698FBD+1165]\n\nCommand duration or timeout: 1.71 seconds\r\n\tat java.base/jdk.internal.reflect.NativeConstructorAccessorImpl.newInstance0(Native Method)\r\n\tat java.base/jdk.internal.reflect.NativeConstructorAccessorImpl.newInstance(NativeConstructorAccessorImpl.java:62)\r\n\tat java.base/jdk.internal.reflect.DelegatingConstructorAccessorImpl.newInstance(DelegatingConstructorAccessorImpl.java:45)\r\n\tat java.base/java.lang.reflect.Constructor.newInstance(Constructor.java:490)\r\n\tat org.openqa.selenium.remote.ErrorHandler.createThrowable(ErrorHandler.java:214)\r\n\tat org.openqa.selenium.remote.ErrorHandler.throwIfResponseFailed(ErrorHandler.java:166)\r\n\tat org.openqa.selenium.remote.JsonWireProtocolResponse.lambda$errorHandler$0(JsonWireProtocolResponse.java:54)\r\n\tat org.openqa.selenium.remote.HandshakeResponse.lambda$getResponseFunction$0(HandshakeResponse.java:30)\r\n\tat org.openqa.selenium.remote.ProtocolHandshake.lambda$createSession$0(ProtocolHandshake.java:126)\r\n\tat java.base/java.util.stream.ReferencePipeline$3$1.accept(ReferencePipeline.java:195)\r\n\tat java.base/java.util.Spliterators$ArraySpliterator.tryAdvance(Spliterators.java:958)\r\n\tat java.base/java.util.stream.ReferencePipeline.forEachWithCancel(ReferencePipeline.java:127)\r\n\tat java.base/java.util.stream.AbstractPipeline.copyIntoWithCancel(AbstractPipeline.java:502)\r\n\tat java.base/java.util.stream.AbstractPipeline.copyInto(AbstractPipeline.java:488)\r\n\tat java.base/java.util.stream.AbstractPipeline.wrapAndCopyInto(AbstractPipeline.java:474)\r\n\tat java.base/java.util.stream.FindOps$FindOp.evaluateSequential(FindOps.java:150)\r\n\tat java.base/java.util.stream.AbstractPipeline.evaluate(AbstractPipeline.java:234)\r\n\tat java.base/java.util.stream.ReferencePipeline.findFirst(ReferencePipeline.java:543)\r\n\tat org.openqa.selenium.remote.ProtocolHandshake.createSession(ProtocolHandshake.java:128)\r\n\tat org.openqa.selenium.remote.ProtocolHandshake.createSession(ProtocolHandshake.java:74)\r\n\tat org.openqa.selenium.remote.HttpCommandExecutor.execute(HttpCommandExecutor.java:136)\r\n\tat org.openqa.selenium.remote.RemoteWebDriver.execute(RemoteWebDriver.java:552)\r\n\tat org.openqa.selenium.remote.RemoteWebDriver.startSession(RemoteWebDriver.java:213)\r\n\tat org.openqa.selenium.remote.RemoteWebDriver.<init>(RemoteWebDriver.java:131)\r\n\tat org.openqa.selenium.remote.RemoteWebDriver.<init>(RemoteWebDriver.java:144)\r\n\tat in.rajesh.day4.DemoGrid.gridExample(DemoGrid.java:19)\r\n\tat java.base/jdk.internal.reflect.NativeMethodAccessorImpl.invoke0(Native Method)\r\n\tat java.base/jdk.internal.reflect.NativeMethodAccessorImpl.invoke(NativeMethodAccessorImpl.java:62)\r\n\tat java.base/jdk.internal.reflect.DelegatingMethodAccessorImpl.invoke(DelegatingMethodAccessorImpl.java:43)\r\n\tat java.base/java.lang.reflect.Method.invoke(Method.java:566)\r\n\tat org.testng.internal.invokers.MethodInvocationHelper.invokeMethod(MethodInvocationHelper.java:139)\r\n\tat org.testng.internal.invokers.TestInvoker.invokeMethod(TestInvoker.java:677)\r\n\tat org.testng.internal.invokers.TestInvoker.invokeTestMethod(TestInvoker.java:221)\r\n\tat org.testng.internal.invokers.MethodRunner.runInSequence(MethodRunner.java:50)\r\n\tat org.testng.internal.invokers.TestInvoker$MethodInvocationAgent.invoke(TestInvoker.java:962)\r\n\tat org.testng.internal.invokers.TestInvoker.invokeTestMethods(TestInvoker.java:194)\r\n\tat org.testng.internal.invokers.TestMethodWorker.invokeTestMethods(TestMethodWorker.java:148)\r\n\tat org.testng.internal.invokers.TestMethodWorker.run(TestMethodWorker.java:128)\r\n\tat java.base/java.util.ArrayList.forEach(ArrayList.java:1541)\r\n\tat org.testng.TestRunner.privateRun(TestRunner.java:806)\r\n\tat org.testng.TestRunner.run(TestRunner.java:601)\r\n\tat org.testng.SuiteRunner.runTest(SuiteRunner.java:433)\r\n\tat org.testng.SuiteRunner.runSequentially(SuiteRunner.java:427)\r\n\tat org.testng.SuiteRunner.privateRun(SuiteRunner.java:387)\r\n\tat org.testng.SuiteRunner.run(SuiteRunner.java:330)\r\n\tat org.testng.SuiteRunnerWorker.runSuite(SuiteRunnerWorker.java:52)\r\n\tat org.testng.SuiteRunnerWorker.run(SuiteRunnerWorker.java:95)\r\n\tat org.testng.TestNG.runSuitesSequentially(TestNG.java:1256)\r\n\tat org.testng.TestNG.runSuitesLocally(TestNG.java:1176)\r\n\tat org.testng.TestNG.runSuites(TestNG.java:1099)\r\n\tat org.testng.TestNG.run(TestNG.java:1067)\r\n\tat org.testng.remote.AbstractRemoteTestNG.run(AbstractRemoteTestNG.java:115)\r\n\tat org.testng.remote.RemoteTestNG.initAndRun(RemoteTestNG.java:251)\r\n\tat org.testng.remote.RemoteTestNG.main(RemoteTestNG.java:77)\r\nCaused by: org.openqa.selenium.SessionNotCreatedException: session not created: This version of ChromeDriver only supports Chrome version 99\nCurrent browser version is 102.0.5005.115 with binary path C:\\Program Files\\Google\\Chrome\\Application\\chrome.exe\nBuild info: version: '3.141.59', revision: 'e82be7d358', time: '2018-11-14T08:25:53'\nSystem info: host: 'DESKTOP-UTV5KOM', ip: '192.168.0.108', os.name: 'Windows 11', os.arch: 'amd64', os.version: '10.0', java.version: '11.0.15.1'\nDriver info: driver.version: unknown\nremote stacktrace: Backtrace:\n\tOrdinal0 [0x00B49943+2595139]\n\tOrdinal0 [0x00ADC9F1+2148849]\n\tOrdinal0 [0x009D4528+1066280]\n\tOrdinal0 [0x009F42C3+1196739]\n\tOrdinal0 [0x009EFE37+1179191]\n\tOrdinal0 [0x009ED6F1+1169137]\n\tOrdinal0 [0x00A20530+1377584]\n\tOrdinal0 [0x00A2018A+1376650]\n\tOrdinal0 [0x00A1B806+1357830]\n\tOrdinal0 [0x009F6086+1204358]\n\tOrdinal0 [0x009F6F96+1208214]\n\tGetHandleVerifier [0x00CEB232+1658114]\n\tGetHandleVerifier [0x00DA312C+2411516]\n\tGetHandleVerifier [0x00BDF261+560433]\n\tGetHandleVerifier [0x00BDE366+556598]\n\tOrdinal0 [0x00AE286B+2173035]\n\tOrdinal0 [0x00AE75F8+2192888]\n\tOrdinal0 [0x00AE76E5+2193125]\n\tOrdinal0 [0x00AF11FC+2232828]\n\tBaseThreadInitThunk [0x764E6739+25]\n\tRtlGetFullPathName_UEx [0x77698FEF+1215]\n\tRtlGetFullPathName_UEx [0x77698FBD+1165]\n\nBuild info: version: '3.141.59', revision: 'e82be7d358', time: '2018-11-14T08:17:03'\nSystem info: host: 'DESKTOP-UTV5KOM', ip: '192.168.0.108', os.name: 'Windows 11', os.arch: 'amd64', os.version: '10.0', java.version: '11.0.15.1'\nDriver info: driver.version: unknown\r\n\tat jdk.internal.reflect.NativeConstructorAccessorImpl.newInstance0(Native Method)\r\n\tat jdk.internal.reflect.NativeConstructorAccessorImpl.newInstance(NativeConstructorAccessorImpl.java:62)\r\n\tat jdk.internal.reflect.DelegatingConstructorAccessorImpl.newInstance(DelegatingConstructorAccessorImpl.java:45)\r\n\tat java.lang.reflect.Constructor.newInstance(Constructor.java:490)\r\n\tat org.openqa.selenium.remote.W3CHandshakeResponse.lambda$errorHandler$0(W3CHandshakeResponse.java:62)\r\n\tat org.openqa.selenium.remote.HandshakeResponse.lambda$getResponseFunction$0(HandshakeResponse.java:30)\r\n\tat org.openqa.selenium.remote.ProtocolHandshake.lambda$createSession$0(ProtocolHandshake.java:126)\r\n\tat java.util.stream.ReferencePipeline$3$1.accept(ReferencePipeline.java:195)\r\n\tat java.util.Spliterators$ArraySpliterator.tryAdvance(Spliterators.java:958)\r\n\tat java.util.stream.ReferencePipeline.forEachWithCancel(ReferencePipeline.java:127)\r\n\tat java.util.stream.AbstractPipeline.copyIntoWithCancel(AbstractPipeline.java:502)\r\n\tat java.util.stream.AbstractPipeline.copyInto(AbstractPipeline.java:488)\r\n\tat java.util.stream.AbstractPipeline.wrapAndCopyInto(AbstractPipeline.java:474)\r\n\tat java.util.stream.FindOps$FindOp.evaluateSequential(FindOps.java:150)\r\n\tat java.util.stream.AbstractPipeline.evaluate(AbstractPipeline.java:234)\r\n\tat java.util.stream.ReferencePipeline.findFirst(ReferencePipeline.java:543)\r\n\tat org.openqa.selenium.remote.ProtocolHandshake.createSession(ProtocolHandshake.java:128)\r\n\tat org.openqa.selenium.remote.ProtocolHandshake.createSession(ProtocolHandshake.java:74)\r\n\tat org.openqa.selenium.grid.session.remote.RemoteSession$Factory.performHandshake(RemoteSession.java:147)\r\n\tat org.openqa.selenium.grid.session.remote.ServicedSession$Factory.apply(ServicedSession.java:161)\r\n\tat org.openqa.selenium.remote.server.ActiveSessionFactory.lambda$apply$12(ActiveSessionFactory.java:180)\r\n\tat java.util.stream.ReferencePipeline$3$1.accept(ReferencePipeline.java:195)\r\n\tat java.util.stream.ReferencePipeline$11$1.accept(ReferencePipeline.java:442)\r\n\tat java.util.stream.ReferencePipeline$2$1.accept(ReferencePipeline.java:177)\r\n\tat java.util.Spliterators$ArraySpliterator.tryAdvance(Spliterators.java:958)\r\n\tat java.util.stream.ReferencePipeline.forEachWithCancel(ReferencePipeline.java:127)\r\n\tat java.util.stream.AbstractPipeline.copyIntoWithCancel(AbstractPipeline.java:502)\r\n\tat java.util.stream.AbstractPipeline.copyInto(AbstractPipeline.java:488)\r\n\tat java.util.stream.AbstractPipeline.wrapAndCopyInto(AbstractPipeline.java:474)\r\n\tat java.util.stream.FindOps$FindOp.evaluateSequential(FindOps.java:150)\r\n\tat java.util.stream.AbstractPipeline.evaluate(AbstractPipeline.java:234)\r\n\tat java.util.stream.ReferencePipeline.findFirst(ReferencePipeline.java:543)\r\n\tat org.openqa.selenium.remote.server.ActiveSessionFactory.apply(ActiveSessionFactory.java:183)\r\n\tat org.openqa.selenium.remote.server.NewSessionPipeline.lambda$null$2(NewSessionPipeline.java:66)\r\n\tat java.util.stream.ReferencePipeline$3$1.accept(ReferencePipeline.java:195)\r\n\tat java.util.stream.ReferencePipeline$2$1.accept(ReferencePipeline.java:177)\r\n\tat java.util.Collections$2.tryAdvance(Collections.java:4747)\r\n\tat java.util.stream.ReferencePipeline.forEachWithCancel(ReferencePipeline.java:127)\r\n\tat java.util.stream.AbstractPipeline.copyIntoWithCancel(AbstractPipeline.java:502)\r\n\tat java.util.stream.AbstractPipeline.copyInto(AbstractPipeline.java:488)\r\n\tat java.util.stream.AbstractPipeline.wrapAndCopyInto(AbstractPipeline.java:474)\r\n\tat java.util.stream.FindOps$FindOp.evaluateSequential(FindOps.java:150)\r\n\tat java.util.stream.AbstractPipeline.evaluate(AbstractPipeline.java:234)\r\n\tat java.util.stream.ReferencePipeline.findFirst(ReferencePipeline.java:543)\r\n\tat org.openqa.selenium.remote.server.NewSessionPipeline.lambda$createNewSession$3(NewSessionPipeline.java:69)\r\n\tat java.util.stream.ReferencePipeline$3$1.accept(ReferencePipeline.java:195)\r\n\tat java.util.stream.ReferencePipeline$3$1.accept(ReferencePipeline.java:195)\r\n\tat java.util.stream.ReferencePipeline$3$1.accept(ReferencePipeline.java:195)\r\n\tat java.util.stream.DistinctOps$1$2.accept(DistinctOps.java:175)\r\n\tat java.util.stream.ReferencePipeline$2$1.accept(ReferencePipeline.java:177)\r\n\tat java.util.stream.ReferencePipeline$3$1.accept(ReferencePipeline.java:195)\r\n\tat java.util.stream.ReferencePipeline$2$1.accept(ReferencePipeline.java:177)\r\n\tat java.util.stream.Streams$StreamBuilderImpl.tryAdvance(Streams.java:397)\r\n\tat java.util.stream.Streams$ConcatSpliterator.tryAdvance(Streams.java:720)\r\n\tat java.util.stream.ReferencePipeline.forEachWithCancel(ReferencePipeline.java:127)\r\n\tat java.util.stream.AbstractPipeline.copyIntoWithCancel(AbstractPipeline.java:502)\r\n\tat java.util.stream.AbstractPipeline.copyInto(AbstractPipeline.java:488)\r\n\tat java.util.stream.AbstractPipeline.wrapAndCopyInto(AbstractPipeline.java:474)\r\n\tat java.util.stream.FindOps$FindOp.evaluateSequential(FindOps.java:150)\r\n\tat java.util.stream.AbstractPipeline.evaluate(AbstractPipeline.java:234)\r\n\tat java.util.stream.ReferencePipeline.findFirst(ReferencePipeline.java:543)\r\n\tat org.openqa.selenium.remote.server.NewSessionPipeline.createNewSession(NewSessionPipeline.java:72)\r\n\tat org.openqa.selenium.remote.server.commandhandler.BeginSession.execute(BeginSession.java:65)\r\n\tat org.openqa.selenium.remote.server.WebDriverServlet.lambda$handle$0(WebDriverServlet.java:235)\r\n\tat java.util.concurrent.Executors$RunnableAdapter.call(Executors.java:515)\r\n\tat java.util.concurrent.FutureTask.run(FutureTask.java:264)\r\n\tat java.util.concurrent.ThreadPoolExecutor.runWorker(ThreadPoolExecutor.java:1128)\r\n\tat java.util.concurrent.ThreadPoolExecutor$Worker.run(ThreadPoolExecutor.java:628)\r\n\tat java.lang.Thread.run(Thread.java:834)\r\n"},"stage":"finished","steps":[],"attachments":[],"parameters":[],"start":1655821680388,"stop":1655821682674}